DEB [20180724-10:21:36.045] thr=1   paramiko.transport: starting thread (client mode): 0x437b210
DEB [20180724-10:21:36.045] thr=1   paramiko.transport: Local version/idstring: SSH-2.0-paramiko_2.4.1
DEB [20180724-10:21:36.046] thr=1   paramiko.transport: Remote version/idstring: SSH-2.0-OpenSSH_7.2p2 Ubuntu-4ubuntu2.4
INF [20180724-10:21:36.046] thr=1   paramiko.transport: Connected (version 2.0, client OpenSSH_7.2p2)
DEB [20180724-10:21:36.047] thr=1   paramiko.transport: kex algos:['curve25519-sha256@libssh.org', 'ecdh-sha2-nistp256', 'ecdh-sha2-nistp384', 'ecdh-sha2-nistp521', 'diffie-hellman-group-exchange-sha256', 'diffie-hellman-group14-sha1'] server key:['ssh-rsa', 'rsa-sha2-512', 'rsa-sha2-256', 'ecdsa-sha2-nistp256', 'ssh-ed25519'] client encrypt:['chacha20-poly1305@openssh.com', 'aes128-ctr', 'aes192-ctr', 'aes256-ctr', 'aes128-gcm@openssh.com', 'aes256-gcm@openssh.com'] server encrypt:['chacha20-poly1305@openssh.com', 'aes128-ctr', 'aes192-ctr', 'aes256-ctr', 'aes128-gcm@openssh.com', 'aes256-gcm@openssh.com'] client mac:['umac-64-etm@openssh.com', 'umac-128-etm@openssh.com', 'hmac-sha2-256-etm@openssh.com', 'hmac-sha2-512-etm@openssh.com', 'hmac-sha1-etm@openssh.com', 'umac-64@openssh.com', 'umac-128@openssh.com', 'hmac-sha2-256', 'hmac-sha2-512', 'hmac-sha1'] server mac:['umac-64-etm@openssh.com', 'umac-128-etm@openssh.com', 'hmac-sha2-256-etm@openssh.com', 'hmac-sha2-512-etm@openssh.com', 'hmac-sha1-etm@openssh.com', 'umac-64@openssh.com', 'umac-128@openssh.com', 'hmac-sha2-256', 'hmac-sha2-512', 'hmac-sha1'] client compress:['none', 'zlib@openssh.com'] server compress:['none', 'zlib@openssh.com'] client lang:[''] server lang:[''] kex follows?False
DEB [20180724-10:21:36.051] thr=1   paramiko.transport: Kex agreed: ecdh-sha2-nistp256
DEB [20180724-10:21:36.051] thr=1   paramiko.transport: HostKey agreed: ecdsa-sha2-nistp256
DEB [20180724-10:21:36.051] thr=1   paramiko.transport: Cipher agreed: aes128-ctr
DEB [20180724-10:21:36.051] thr=1   paramiko.transport: MAC agreed: hmac-sha2-256
DEB [20180724-10:21:36.051] thr=1   paramiko.transport: Compression agreed: none
DEB [20180724-10:21:36.089] thr=1   paramiko.transport: kex engine KexNistp256 specified hash_algo <built-in function openssl_sha256>
DEB [20180724-10:21:36.090] thr=1   paramiko.transport: Switch to new keys ...
DEB [20180724-10:21:36.096] thr=2   paramiko.transport: Trying SSH agent key b'fa50241adb2883aaad28eb82fed40f50'
DEB [20180724-10:21:36.129] thr=1   paramiko.transport: userauth is OK
INF [20180724-10:21:36.291] thr=1   paramiko.transport: Authentication (publickey) failed.
DEB [20180724-10:21:36.300] thr=2   paramiko.transport: Trying discovered key b'349a64865dd34142f472242d3db30c25' in C:\Users\matsk/.ssh/id_rsa
DEB [20180724-10:21:36.301] thr=1   paramiko.transport: userauth is OK
INF [20180724-10:21:36.310] thr=1   paramiko.transport: Authentication (publickey) successful!
DEB [20180724-10:21:36.574] thr=1   paramiko.transport: Received global request "hostkeys-00@openssh.com"
DEB [20180724-10:21:36.574] thr=1   paramiko.transport: Rejecting "hostkeys-00@openssh.com" global request from server.
DEB [20180724-10:21:38.473] thr=2   paramiko.transport: [chan 0] Max packet in: 32768 bytes
DEB [20180724-10:21:38.474] thr=1   paramiko.transport: [chan 0] Max packet out: 32768 bytes
DEB [20180724-10:21:38.475] thr=1   paramiko.transport: Secsh channel 0 opened.
DEB [20180724-10:21:38.482] thr=1   paramiko.transport: [chan 0] Sesch channel 0 request ok
DEB [20180724-10:21:38.484] thr=1   paramiko.transport: [chan 0] Sesch channel 0 request ok
DEB [20180724-10:21:51.612] thr=1   paramiko.transport: EOF in transport thread
DEB [20180724-10:32:44.830] thr=1   paramiko.transport: starting thread (client mode): 0x442b330
DEB [20180724-10:32:44.830] thr=1   paramiko.transport: Local version/idstring: SSH-2.0-paramiko_2.4.1
DEB [20180724-10:32:44.831] thr=1   paramiko.transport: Remote version/idstring: SSH-2.0-OpenSSH_7.2p2 Ubuntu-4ubuntu2.4
INF [20180724-10:32:44.831] thr=1   paramiko.transport: Connected (version 2.0, client OpenSSH_7.2p2)
DEB [20180724-10:32:44.832] thr=1   paramiko.transport: kex algos:['curve25519-sha256@libssh.org', 'ecdh-sha2-nistp256', 'ecdh-sha2-nistp384', 'ecdh-sha2-nistp521', 'diffie-hellman-group-exchange-sha256', 'diffie-hellman-group14-sha1'] server key:['ssh-rsa', 'rsa-sha2-512', 'rsa-sha2-256', 'ecdsa-sha2-nistp256', 'ssh-ed25519'] client encrypt:['chacha20-poly1305@openssh.com', 'aes128-ctr', 'aes192-ctr', 'aes256-ctr', 'aes128-gcm@openssh.com', 'aes256-gcm@openssh.com'] server encrypt:['chacha20-poly1305@openssh.com', 'aes128-ctr', 'aes192-ctr', 'aes256-ctr', 'aes128-gcm@openssh.com', 'aes256-gcm@openssh.com'] client mac:['umac-64-etm@openssh.com', 'umac-128-etm@openssh.com', 'hmac-sha2-256-etm@openssh.com', 'hmac-sha2-512-etm@openssh.com', 'hmac-sha1-etm@openssh.com', 'umac-64@openssh.com', 'umac-128@openssh.com', 'hmac-sha2-256', 'hmac-sha2-512', 'hmac-sha1'] server mac:['umac-64-etm@openssh.com', 'umac-128-etm@openssh.com', 'hmac-sha2-256-etm@openssh.com', 'hmac-sha2-512-etm@openssh.com', 'hmac-sha1-etm@openssh.com', 'umac-64@openssh.com', 'umac-128@openssh.com', 'hmac-sha2-256', 'hmac-sha2-512', 'hmac-sha1'] client compress:['none', 'zlib@openssh.com'] server compress:['none', 'zlib@openssh.com'] client lang:[''] server lang:[''] kex follows?False
DEB [20180724-10:32:44.832] thr=1   paramiko.transport: Kex agreed: ecdh-sha2-nistp256
DEB [20180724-10:32:44.833] thr=1   paramiko.transport: HostKey agreed: ecdsa-sha2-nistp256
DEB [20180724-10:32:44.833] thr=1   paramiko.transport: Cipher agreed: aes128-ctr
DEB [20180724-10:32:44.833] thr=1   paramiko.transport: MAC agreed: hmac-sha2-256
DEB [20180724-10:32:44.833] thr=1   paramiko.transport: Compression agreed: none
DEB [20180724-10:32:44.877] thr=1   paramiko.transport: kex engine KexNistp256 specified hash_algo <built-in function openssl_sha256>
DEB [20180724-10:32:44.878] thr=1   paramiko.transport: Switch to new keys ...
DEB [20180724-10:32:44.884] thr=2   paramiko.transport: Trying SSH agent key b'fa50241adb2883aaad28eb82fed40f50'
DEB [20180724-10:32:44.917] thr=1   paramiko.transport: userauth is OK
INF [20180724-10:32:45.007] thr=1   paramiko.transport: Authentication (publickey) failed.
DEB [20180724-10:32:45.009] thr=2   paramiko.transport: Trying discovered key b'349a64865dd34142f472242d3db30c25' in C:\Users\matsk/.ssh/id_rsa
DEB [20180724-10:32:45.011] thr=1   paramiko.transport: userauth is OK
INF [20180724-10:32:45.020] thr=1   paramiko.transport: Authentication (publickey) successful!
DEB [20180724-10:32:45.229] thr=1   paramiko.transport: Received global request "hostkeys-00@openssh.com"
DEB [20180724-10:32:45.229] thr=1   paramiko.transport: Rejecting "hostkeys-00@openssh.com" global request from server.
DEB [20180724-10:32:46.117] thr=2   paramiko.transport: [chan 0] Max packet in: 32768 bytes
DEB [20180724-10:32:46.118] thr=1   paramiko.transport: [chan 0] Max packet out: 32768 bytes
DEB [20180724-10:32:46.118] thr=1   paramiko.transport: Secsh channel 0 opened.
DEB [20180724-10:32:46.121] thr=1   paramiko.transport: [chan 0] Sesch channel 0 request ok
DEB [20180724-10:32:46.123] thr=1   paramiko.transport: [chan 0] Sesch channel 0 request ok
DEB [20180724-10:33:03.394] thr=2   paramiko.transport: [chan 0] EOF sent (0)
DEB [20180724-10:33:03.435] thr=1   paramiko.transport: [chan 0] Unhandled channel request "exit-signal"
DEB [20180724-10:33:04.175] thr=1   paramiko.transport: EOF in transport thread
